PLINK v1.9.0-b.7.7 64-bit (22 Oct 2024)
Options in effect:
  --allow-extra-chr
  --bfile data/Faba_high_quality
  --extract data/top_150_snps_list.txt
  --hardy
  --out output/faba_150_hwe

Hostname: mr
Working directory: /home/emz/Storage/Data/Plant/SEEd/Data/Raw-Data/GBS/Faba-Bean-Vicia-/02.Analysis.local/iter-3/03_Fingerprint
Start time: Sun Nov 16 22:02:56 2025

Random number seed: 1763330576
338450 MB RAM detected; reserving 169225 MB for main workspace.
1703 variants loaded from .bim file.
21 people (0 males, 0 females, 21 ambiguous) loaded from .fam.
Ambiguous sex IDs written to output/faba_150_hwe.nosex .
--extract: 150 variants remaining.
Using 1 thread (no multithreaded calculations invoked).
Before main variant filters, 21 founders and 0 nonfounders present.
Calculating allele frequencies... done.
Total genotyping rate is 0.965714.
--hardy: Writing Hardy-Weinberg report (founders only) to
output/faba_150_hwe.hwe ... done.

End time: Sun Nov 16 22:02:56 2025
