PLINK v1.9.0-b.7.7 64-bit (22 Oct 2024)
Options in effect:
  --allow-extra-chr
  --bfile data/Faba_high_quality
  --distance-matrix
  --extract data/top_150_snps_list.txt
  --out output/faba_150_distance

Hostname: mr
Working directory: /home/emz/Storage/Data/Plant/SEEd/Data/Raw-Data/GBS/Faba-Bean-Vicia-/02.Analysis.local/iter-3/03_Fingerprint
Start time: Sun Nov 16 17:46:33 2025

Random number seed: 1763315193
338450 MB RAM detected; reserving 169225 MB for main workspace.
1703 variants loaded from .bim file.
21 people (0 males, 0 females, 21 ambiguous) loaded from .fam.
Ambiguous sex IDs written to output/faba_150_distance.nosex .
--extract: 150 variants remaining.
Using up to 87 threads (change this with --threads).
Before main variant filters, 21 founders and 0 nonfounders present.
Calculating allele frequencies... done.
Total genotyping rate is 0.965714.
150 variants and 21 people pass filters and QC.
Note: No phenotypes present.
Distance matrix calculation complete.
Distances (proportions) written to output/faba_150_distance.mdist , and IDs to
output/faba_150_distance.mdist.id .

End time: Sun Nov 16 17:46:33 2025
