PLINK v1.9.0-b.7.7 64-bit (22 Oct 2024)
Options in effect:
  --allow-extra-chr
  --bfile output/faba_150_snps_tree
  --out output/faba_150_snps_tree
  --recode A

Hostname: mr
Working directory: /home/emz/Storage/Data/Plant/SEEd/Data/Raw-Data/GBS/Faba-Bean-Vicia-/02.Analysis.local/iter-3/03_Fingerprint
Start time: Sun Nov 16 21:32:57 2025

Random number seed: 1763328777
338450 MB RAM detected; reserving 169225 MB for main workspace.
150 variants loaded from .bim file.
21 people (0 males, 0 females, 21 ambiguous) loaded from .fam.
Ambiguous sex IDs written to output/faba_150_snps_tree.nosex .
Using 1 thread (no multithreaded calculations invoked).
Before main variant filters, 21 founders and 0 nonfounders present.
Calculating allele frequencies... done.
Total genotyping rate is 0.965714.
150 variants and 21 people pass filters and QC.
Note: No phenotypes present.
--recode A to output/faba_150_snps_tree.raw ... done.

End time: Sun Nov 16 21:32:57 2025
