PLINK v1.9.0-b.7.7 64-bit (22 Oct 2024)
Options in effect:
  --allow-extra-chr
  --bfile Faba_QC_mind05
  --geno 0.05
  --maf 0.05
  --make-bed
  --out Faba_QC_geno_maf

Hostname: mr
Working directory: /home/emz/Storage/Data/Plant/SEEd/Data/Raw-Data/GBS/Faba-Bean-Vicia-/02.Analysis.local/iter-3/01_Raw/01_SampleMissingness_QC
Start time: Wed Oct  8 15:50:25 2025

Random number seed: 1759938625
338450 MB RAM detected; reserving 169225 MB for main workspace.
550755 variants loaded from .bim file.
19 people (0 males, 0 females, 19 ambiguous) loaded from .fam.
Ambiguous sex IDs written to Faba_QC_geno_maf.nosex .
Using 1 thread (no multithreaded calculations invoked).
Before main variant filters, 19 founders and 0 nonfounders present.
Calculating allele frequencies... done.
Total genotyping rate is 0.843682.
508489 variants removed due to missing genotype data (--geno).
560 variants removed due to minor allele threshold(s)
(--maf/--max-maf/--mac/--max-mac).
41706 variants and 19 people pass filters and QC.
Note: No phenotypes present.
--make-bed to Faba_QC_geno_maf.bed + Faba_QC_geno_maf.bim +
Faba_QC_geno_maf.fam ... done.

End time: Wed Oct  8 15:50:26 2025
