PLINK v1.9.0-b.7.7 64-bit (22 Oct 2024)
Options in effect:
  --allow-extra-chr
  --bfile Faba_QC_final
  --het
  --out Faba_QC_het

Hostname: mr
Working directory: /home/emz/Storage/Data/Plant/SEEd/Data/Raw-Data/GBS/Faba-Bean-Vicia-/02.Analysis.local/iter-3/01_Raw/01_SampleMissingness_QC
Start time: Wed Oct  8 15:51:55 2025

Random number seed: 1759938715
338450 MB RAM detected; reserving 169225 MB for main workspace.
17705 variants loaded from .bim file.
19 people (0 males, 0 females, 19 ambiguous) loaded from .fam.
Ambiguous sex IDs written to Faba_QC_het.nosex .
Using 1 thread (no multithreaded calculations invoked).
Before main variant filters, 19 founders and 0 nonfounders present.
Calculating allele frequencies... done.
Total genotyping rate is exactly 1.
17705 variants and 19 people pass filters and QC.
Note: No phenotypes present.
--het: 17705 variants scanned, report written to Faba_QC_het.het .

End time: Wed Oct  8 15:51:55 2025
