IQ-TREE multicore version 2.4.0 for Linux x86 64-bit built Feb 12 2025
Developed by Bui Quang Minh, Nguyen Lam Tung, Olga Chernomor, Heiko Schmidt,
Dominik Schrempf, Michael Woodhams, Ly Trong Nhan, Thomas Wong

Host:    mr (AVX2, FMA3, 330 GB RAM)
Command: iqtree -s data/faba_fingerprint.phy -m TEST -bb 1000 -bnni -nt 2 -pre output/ml_tree_best_model
Seed:    837352 (Using SPRNG - Scalable Parallel Random Number Generator)
Time:    Fri Oct  3 21:52:49 2025
Kernel:  AVX+FMA - 2 threads (88 CPU cores detected)

Reading alignment file data/faba_fingerprint.phy ... Phylip format detected
Alignment most likely contains protein sequences
Alignment has 21 sequences with 150 columns, 150 distinct patterns
130 parsimony-informative, 20 singleton sites, 0 constant sites
         Gap/Ambiguity  Composition  p-value
Analyzing sequences: done in 1.4765e-05 secs using 54.18% CPU
   1  F1_F1      0.00%    passed     90.63%
   2  F2_F2      0.00%    passed     16.70%
   3  F3_F3      0.00%    passed     31.57%
   4  F4_F4      0.00%    failed      0.00%
   5  F5_F5      0.00%    passed     26.43%
   6  F6_F6      0.00%    passed     25.80%
   7  F7_F7      0.00%    failed      2.52%
   8  F8_F8      0.00%    passed      5.96%
   9  F9_F9      0.00%    passed     22.91%
  10  F23_F23    0.00%    failed      0.00%
  11  F22_F22    0.00%    failed      0.00%
  12  F18_F18    0.00%    passed     67.52%
  13  F20_F20    0.00%    passed     37.56%
  14  F12_F12    0.00%    passed     27.77%
  15  F13_F13    0.00%    passed      5.13%
  16  F10_F10    0.00%    passed     33.59%
  17  F11_F11    0.00%    passed     61.68%
  18  F16_F16    0.00%    passed     11.96%
  19  F17_F17    0.00%    passed     76.89%
  20  F14_F14    0.00%    passed     43.65%
  21  F15_F15    0.00%    failed      0.00%
****  TOTAL      0.00%  5 sequences failed composition chi2 test (p-value<5%; df=10)


Create initial parsimony tree by phylogenetic likelihood library (PLL)... 0.001 seconds
Perform fast likelihood tree search using LG+G model...
Estimate model parameters (epsilon = 5.000)
Perform nearest neighbor interchange...
Estimate model parameters (epsilon = 1.000)
1. Initial log-likelihood: -6269.953
Optimal log-likelihood: -6269.748
Gamma shape alpha: 2.921
Parameters optimization took 1 rounds (0.028 sec)
Time for fast ML tree search: 0.173 seconds

NOTE: ModelFinder requires 2 MB RAM!
ModelFinder will test up to 112 protein models (sample size: 150 epsilon: 0.100) ...
 No. Model         -LnL         df  AIC          AICc         BIC
  1  LG            6326.684     39  12731.367    12759.731    12848.782
  2  LG+G4         6269.747     40  12619.495    12649.587    12739.920
  4  LG+F+G4       4979.200     59  10076.401    10155.067    10254.028
  6  WAG+G4        6242.334     40  12564.668    12594.760    12685.093
  8  WAG+F+G4      5013.164     59  10144.329    10222.996    10321.956
 10  JTT+G4        6145.840     40  12371.680    12401.772    12492.105
 12  JTT+F+G4      5019.033     59  10156.066    10234.732    10333.693
WARNING: Normalizing state frequencies so that sum of them equals to 1
 14  Q.pfam+G4     6187.275     40  12454.551    12484.643    12574.976
WARNING: Normalizing state frequencies so that sum of them equals to 1
 16  Q.pfam+F+G4   4937.074     59  9992.148     10070.814    10169.775
WARNING: Normalizing state frequencies so that sum of them equals to 1
 18  Q.bird+G4     6515.488     40  13110.977    13141.069    13231.402
WARNING: Normalizing state frequencies so that sum of them equals to 1
 20  Q.bird+F+G4   5330.178     59  10778.355    10857.022    10955.983
WARNING: Normalizing state frequencies so that sum of them equals to 1
 22  Q.mammal+G4   6426.887     40  12933.774    12963.865    13054.199
WARNING: Normalizing state frequencies so that sum of them equals to 1
 24  Q.mammal+F+G4 5250.607     59  10619.213    10697.880    10796.841
 26  Q.insect+G4   6332.609     40  12745.217    12775.309    12865.643
 28  Q.insect+F+G4 4966.234     59  10050.469    10129.135    10228.096
WARNING: Normalizing state frequencies so that sum of them equals to 1
 30  Q.plant+G4    6542.858     40  13165.717    13195.809    13286.142
WARNING: Normalizing state frequencies so that sum of them equals to 1
 32  Q.plant+F+G4  5259.167     59  10636.333    10715.000    10813.961
WARNING: Normalizing state frequencies so that sum of them equals to 1
 34  Q.yeast+G4    6410.913     40  12901.827    12931.918    13022.252
WARNING: Normalizing state frequencies so that sum of them equals to 1
 36  Q.yeast+F+G4  4953.249     59  10024.499    10103.165    10202.126
 38  JTTDCMut+G4   6136.697     40  12353.393    12383.485    12473.819
 40  JTTDCMut+F+G4 5009.905     59  10137.811    10216.477    10315.438
 42  DCMut+G4      6348.589     40  12777.178    12807.269    12897.603
 44  DCMut+F+G4    5077.137     59  10272.273    10350.940    10449.901
 46  VT+G4         6205.942     40  12491.883    12521.975    12612.309
 48  VT+F+G4       4940.328     59  9998.655     10077.322    10176.283
 50  PMB+G4        6169.238     40  12418.475    12448.567    12538.901
 52  PMB+F+G4      4975.346     59  10068.693    10147.359    10246.320
 54  Blosum62+G4   6228.984     40  12537.969    12568.061    12658.394
 56  Blosum62+F+G4 4981.333     59  10080.665    10159.332    10258.293
 58  Dayhoff+G4    6346.982     40  12773.964    12804.056    12894.390
 60  Dayhoff+F+G4  5076.523     59  10271.046    10349.712    10448.673
 62  mtREV+G4      6328.711     40  12737.421    12767.513    12857.847
 64  mtREV+F+G4    4934.094     59  9986.189     10064.855    10163.816
 66  mtART+G4      6944.824     40  13969.649    13999.741    14090.074
 68  mtART+F+G4    5139.436     59  10396.871    10475.538    10574.499
 70  mtZOA+G4      6631.659     40  13343.317    13373.409    13463.743
 72  mtZOA+F+G4    5087.257     59  10292.513    10371.180    10470.141
 74  mtMet+G4      6654.230     40  13388.461    13418.552    13508.886
 76  mtMet+F+G4    5163.642     59  10445.283    10523.950    10622.911
 78  mtVer+G4      6534.929     40  13149.858    13179.950    13270.284
 80  mtVer+F+G4    5319.802     59  10757.604    10836.271    10935.232
 82  mtInv+G4      6708.412     40  13496.824    13526.916    13617.250
 84  mtInv+F+G4    5057.475     59  10232.949    10311.616    10410.577
 86  mtMAM+G4      6556.698     40  13193.396    13223.488    13313.821
 88  mtMAM+F+G4    5213.042     59  10544.084    10622.751    10721.712
WARNING: Normalizing state frequencies so that sum of them equals to 1
 90  FLAVI+G4      6761.739     40  13603.477    13633.569    13723.903
WARNING: Normalizing state frequencies so that sum of them equals to 1
 92  FLAVI+F+G4    5362.367     59  10842.735    10921.401    11020.362
 94  HIVb+G4       6467.567     40  13015.134    13045.225    13135.559
 96  HIVb+F+G4     5174.486     59  10466.971    10545.638    10644.599
 98  HIVw+G4       6721.973     40  13523.947    13554.038    13644.372
100  HIVw+F+G4     5338.005     59  10794.010    10872.676    10971.637
102  FLU+G4        6632.467     40  13344.934    13375.026    13465.360
104  FLU+F+G4      5162.305     59  10442.610    10521.276    10620.237
106  rtREV+G4      6356.014     40  12792.029    12822.120    12912.454
108  rtREV+F+G4    5076.870     59  10271.741    10350.407    10449.368
110  cpREV+G4      6306.910     40  12693.819    12723.911    12814.245
112  cpREV+F+G4    5090.209     59  10298.418    10377.085    10476.045
Akaike Information Criterion:           mtREV+F+G4
Corrected Akaike Information Criterion: mtREV+F+G4
Bayesian Information Criterion:         mtREV+F+G4
Best-fit model: mtREV+F+G4 chosen according to BIC

All model information printed to output/ml_tree_best_model.model.gz
CPU time for ModelFinder: 9.981 seconds (0h:0m:9s)
Wall-clock time for ModelFinder: 5.016 seconds (0h:0m:5s)
NOTE: State(s) D, Q, E, H, I, L, F, P, V not present in alignment and thus removed from Markov process to prevent numerical problems
NOTE: 9 states (see above) are not present and thus removed from Markov process to prevent numerical problems
Generating 1000 samples for ultrafast bootstrap (seed: 837352)...

NOTE: 2 MB RAM (0 GB) is required!
Estimate model parameters (epsilon = 0.100)
1. Initial log-likelihood: -4948.597
2. Current log-likelihood: -4935.740
3. Current log-likelihood: -4934.117
Optimal log-likelihood: -4934.095
Gamma shape alpha: 1.797
Parameters optimization took 3 rounds (0.077 sec)
Wrote distance file to... 
Computing ML distances based on estimated model parameters...
Calculating distance matrix: done in 0.0317372 secs using 201.9% CPU
Computing ML distances took 0.031795 sec (of wall-clock time) 0.064130 sec (of CPU time)
Setting up auxiliary I and S matrices: done in 0.000374078 secs using 191.1% CPU
Computing RapidNJ tree took 0.004435 sec (of wall-clock time) 0.004567 sec (of CPU time)
Log-likelihood of RapidNJ tree: -4912.610
--------------------------------------------------------------------
|             INITIALIZING CANDIDATE TREE SET                      |
--------------------------------------------------------------------
Generating 98 parsimony trees... 0.169 second
Computing log-likelihood of 98 initial trees ... 0.525 seconds
Current best score: -4905.414

Do NNI search on 20 best initial trees
Estimate model parameters (epsilon = 0.100)
BETTER TREE FOUND at iteration 1: -4878.491
Estimate model parameters (epsilon = 0.100)
BETTER TREE FOUND at iteration 2: -4871.109
Iteration 10 / LogL: -4883.044 / Time: 0h:0m:7s
Iteration 20 / LogL: -4896.599 / Time: 0h:0m:8s
Finish initializing candidate tree set (19)
Current best tree score: -4871.109 / CPU time: 2.990
Number of iterations: 20
--------------------------------------------------------------------
|               OPTIMIZING CANDIDATE TREE SET                      |
--------------------------------------------------------------------
Estimate model parameters (epsilon = 0.100)
BETTER TREE FOUND at iteration 28: -4870.026
Iteration 30 / LogL: -4874.293 / Time: 0h:0m:9s (0h:0m:14s left)
UPDATE BEST LOG-LIKELIHOOD: -4870.026
Iteration 40 / LogL: -4870.845 / Time: 0h:0m:10s (0h:0m:12s left)
Iteration 50 / LogL: -4870.028 / Time: 0h:0m:11s (0h:0m:10s left)
Iteration 60 / LogL: -4870.056 / Time: 0h:0m:12s (0h:0m:8s left)
Iteration 70 / LogL: -4870.179 / Time: 0h:0m:13s (0h:0m:7s left)
Iteration 80 / LogL: -4878.721 / Time: 0h:0m:14s (0h:0m:5s left)
Iteration 90 / LogL: -4870.049 / Time: 0h:0m:15s (0h:0m:4s left)
Iteration 100 / LogL: -4870.031 / Time: 0h:0m:16s (0h:0m:3s left)
Iteration 110 / LogL: -4870.026 / Time: 0h:0m:17s (0h:0m:2s left)
Iteration 120 / LogL: -4870.565 / Time: 0h:0m:18s (0h:0m:0s left)
Refining ufboot trees with NNI 1 branch...
100 samples done
200 samples done
300 samples done
400 samples done
500 samples done
600 samples done
700 samples done

******************************************************
CHECKPOINT: Resuming analysis from output/ml_tree_best_model.ckp.gz

IQ-TREE multicore version 2.4.0 for Linux x86 64-bit built Feb 12 2025
Developed by Bui Quang Minh, Nguyen Lam Tung, Olga Chernomor, Heiko Schmidt,
Dominik Schrempf, Michael Woodhams, Ly Trong Nhan, Thomas Wong

Host:    mr (AVX2, FMA3, 330 GB RAM)
Command: iqtree -s data/faba_fingerprint.phy -m TEST -bb 1000 -bnni -nt 2 -pre output/ml_tree_best_model
Seed:    765396 (Using SPRNG - Scalable Parallel Random Number Generator)
Time:    Fri Oct  3 21:53:39 2025
Kernel:  AVX+FMA - 2 threads (88 CPU cores detected)

Reading alignment file data/faba_fingerprint.phy ... Phylip format detected
Alignment most likely contains protein sequences
Alignment has 21 sequences with 150 columns, 150 distinct patterns
130 parsimony-informative, 20 singleton sites, 0 constant sites
         Gap/Ambiguity  Composition  p-value
Analyzing sequences: done in 1.4634e-05 secs using 47.83% CPU
   1  F1_F1      0.00%    passed     90.63%
   2  F2_F2      0.00%    passed     16.70%
   3  F3_F3      0.00%    passed     31.57%
   4  F4_F4      0.00%    failed      0.00%
   5  F5_F5      0.00%    passed     26.43%
   6  F6_F6      0.00%    passed     25.80%
   7  F7_F7      0.00%    failed      2.52%
   8  F8_F8      0.00%    passed      5.96%
   9  F9_F9      0.00%    passed     22.91%
  10  F23_F23    0.00%    failed      0.00%
  11  F22_F22    0.00%    failed      0.00%
  12  F18_F18    0.00%    passed     67.52%
  13  F20_F20    0.00%    passed     37.56%
  14  F12_F12    0.00%    passed     27.77%
  15  F13_F13    0.00%    passed      5.13%
  16  F10_F10    0.00%    passed     33.59%
  17  F11_F11    0.00%    passed     61.68%
  18  F16_F16    0.00%    passed     11.96%
  19  F17_F17    0.00%    passed     76.89%
  20  F14_F14    0.00%    passed     43.65%
  21  F15_F15    0.00%    failed      0.00%
****  TOTAL      0.00%  5 sequences failed composition chi2 test (p-value<5%; df=10)

NOTE: Restoring information from model checkpoint file output/ml_tree_best_model.model.gz

CHECKPOINT: Initial tree restored
Perform fast likelihood tree search using LG+G model...
CHECKPOINT: Tree restored, LogL: -6292.780
NOTE: ModelFinder requires 2 MB RAM!
ModelFinder will test up to 112 protein models (sample size: 150 epsilon: 0.100) ...
 No. Model         -LnL         df  AIC          AICc         BIC
  1  LG            6326.684     39  12731.367    12759.731    12848.782
  2  LG+G4         6269.747     40  12619.495    12649.587    12739.920
  4  LG+F+G4       4979.200     59  10076.401    10155.067    10254.028
  6  WAG+G4        6242.334     40  12564.668    12594.760    12685.093
  8  WAG+F+G4      5013.164     59  10144.329    10222.996    10321.956
 10  JTT+G4        6145.840     40  12371.680    12401.772    12492.105
 12  JTT+F+G4      5019.033     59  10156.066    10234.732    10333.693
WARNING: Normalizing state frequencies so that sum of them equals to 1
 14  Q.pfam+G4     6187.275     40  12454.551    12484.643    12574.976
WARNING: Normalizing state frequencies so that sum of them equals to 1
 16  Q.pfam+F+G4   4937.074     59  9992.148     10070.814    10169.775
WARNING: Normalizing state frequencies so that sum of them equals to 1
 18  Q.bird+G4     6515.488     40  13110.977    13141.069    13231.402
WARNING: Normalizing state frequencies so that sum of them equals to 1
 20  Q.bird+F+G4   5330.178     59  10778.355    10857.022    10955.983
WARNING: Normalizing state frequencies so that sum of them equals to 1
 22  Q.mammal+G4   6426.887     40  12933.774    12963.865    13054.199
WARNING: Normalizing state frequencies so that sum of them equals to 1
 24  Q.mammal+F+G4 5250.607     59  10619.213    10697.880    10796.841
 26  Q.insect+G4   6332.609     40  12745.217    12775.309    12865.643
 28  Q.insect+F+G4 4966.234     59  10050.469    10129.135    10228.096
WARNING: Normalizing state frequencies so that sum of them equals to 1
 30  Q.plant+G4    6542.858     40  13165.717    13195.809    13286.142
WARNING: Normalizing state frequencies so that sum of them equals to 1
 32  Q.plant+F+G4  5259.167     59  10636.333    10715.000    10813.961
WARNING: Normalizing state frequencies so that sum of them equals to 1
 34  Q.yeast+G4    6410.913     40  12901.827    12931.918    13022.252
WARNING: Normalizing state frequencies so that sum of them equals to 1
 36  Q.yeast+F+G4  4953.249     59  10024.499    10103.165    10202.126
 38  JTTDCMut+G4   6136.697     40  12353.393    12383.485    12473.819
 40  JTTDCMut+F+G4 5009.905     59  10137.811    10216.477    10315.438
 42  DCMut+G4      6348.589     40  12777.178    12807.269    12897.603
 44  DCMut+F+G4    5077.137     59  10272.273    10350.940    10449.901
 46  VT+G4         6205.942     40  12491.883    12521.975    12612.309
 48  VT+F+G4       4940.328     59  9998.655     10077.322    10176.283
 50  PMB+G4        6169.238     40  12418.475    12448.567    12538.901
 52  PMB+F+G4      4975.346     59  10068.693    10147.359    10246.320
 54  Blosum62+G4   6228.984     40  12537.969    12568.061    12658.394
 56  Blosum62+F+G4 4981.333     59  10080.665    10159.332    10258.293
 58  Dayhoff+G4    6346.982     40  12773.964    12804.056    12894.390
 60  Dayhoff+F+G4  5076.523     59  10271.046    10349.712    10448.673
 62  mtREV+G4      6328.711     40  12737.421    12767.513    12857.847
 64  mtREV+F+G4    4934.094     59  9986.189     10064.855    10163.816
 66  mtART+G4      6944.824     40  13969.649    13999.741    14090.074
 68  mtART+F+G4    5139.436     59  10396.871    10475.538    10574.499
 70  mtZOA+G4      6631.659     40  13343.317    13373.409    13463.743
 72  mtZOA+F+G4    5087.257     59  10292.513    10371.180    10470.141
 74  mtMet+G4      6654.230     40  13388.461    13418.552    13508.886
 76  mtMet+F+G4    5163.642     59  10445.283    10523.950    10622.911
 78  mtVer+G4      6534.929     40  13149.858    13179.950    13270.284
 80  mtVer+F+G4    5319.802     59  10757.604    10836.271    10935.232
 82  mtInv+G4      6708.412     40  13496.824    13526.916    13617.250
 84  mtInv+F+G4    5057.475     59  10232.949    10311.616    10410.577
 86  mtMAM+G4      6556.698     40  13193.396    13223.488    13313.821
 88  mtMAM+F+G4    5213.042     59  10544.084    10622.751    10721.712
WARNING: Normalizing state frequencies so that sum of them equals to 1
 90  FLAVI+G4      6761.739     40  13603.477    13633.569    13723.903
WARNING: Normalizing state frequencies so that sum of them equals to 1
 92  FLAVI+F+G4    5362.367     59  10842.735    10921.401    11020.362
 94  HIVb+G4       6467.567     40  13015.134    13045.225    13135.559
 96  HIVb+F+G4     5174.486     59  10466.971    10545.638    10644.599
 98  HIVw+G4       6721.973     40  13523.947    13554.038    13644.372
100  HIVw+F+G4     5338.005     59  10794.010    10872.676    10971.637
102  FLU+G4        6632.467     40  13344.934    13375.026    13465.360
104  FLU+F+G4      5162.305     59  10442.610    10521.276    10620.237
106  rtREV+G4      6356.014     40  12792.029    12822.120    12912.454
108  rtREV+F+G4    5076.870     59  10271.741    10350.407    10449.368
110  cpREV+G4      6306.910     40  12693.819    12723.911    12814.245
112  cpREV+F+G4    5090.209     59  10298.418    10377.085    10476.045
Akaike Information Criterion:           mtREV+F+G4
Corrected Akaike Information Criterion: mtREV+F+G4
Bayesian Information Criterion:         mtREV+F+G4
Best-fit model: mtREV+F+G4 chosen according to BIC

All model information printed to output/ml_tree_best_model.model.gz
CPU time for ModelFinder: 0.043 seconds (0h:0m:0s)
Wall-clock time for ModelFinder: 0.026 seconds (0h:0m:0s)
NOTE: State(s) D, Q, E, H, I, L, F, P, V not present in alignment and thus removed from Markov process to prevent numerical problems
NOTE: 9 states (see above) are not present and thus removed from Markov process to prevent numerical problems
Generating 1000 samples for ultrafast bootstrap (seed: 765396)...

NOTE: 2 MB RAM (0 GB) is required!
CHECKPOINT: Model parameters restored, LogL: -4934.095
Wrote distance file to... 
Computing ML distances based on estimated model parameters...
Calculating distance matrix: done in 0.035357 secs using 200.8% CPU
Computing ML distances took 0.035418 sec (of wall-clock time) 0.071071 sec (of CPU time)
Setting up auxiliary I and S matrices: done in 0.000357519 secs using 185.2% CPU
Computing RapidNJ tree took 0.004561 sec (of wall-clock time) 0.003343 sec (of CPU time)
Log-likelihood of RapidNJ tree: -4912.610
--------------------------------------------------------------------
|             INITIALIZING CANDIDATE TREE SET                      |
--------------------------------------------------------------------
Generating 98 parsimony trees... 0.167 second
Computing log-likelihood of 98 initial trees ... 0.676 seconds
Current best score: -4905.738

Do NNI search on 20 best initial trees
Estimate model parameters (epsilon = 0.100)
BETTER TREE FOUND at iteration 1: -4872.480
Iteration 10 / LogL: -4888.338 / Time: 0h:0m:2s
Iteration 20 / LogL: -4876.581 / Time: 0h:0m:3s
Finish initializing candidate tree set (20)
Current best tree score: -4872.480 / CPU time: 3.450
Number of iterations: 20
--------------------------------------------------------------------
|               OPTIMIZING CANDIDATE TREE SET                      |
--------------------------------------------------------------------
Estimate model parameters (epsilon = 0.100)
BETTER TREE FOUND at iteration 30: -4871.683
Iteration 30 / LogL: -4871.683 / Time: 0h:0m:4s (0h:0m:15s left)
Estimate model parameters (epsilon = 0.100)
BETTER TREE FOUND at iteration 32: -4871.528
Estimate model parameters (epsilon = 0.100)
BETTER TREE FOUND at iteration 39: -4870.931
Estimate model parameters (epsilon = 0.100)
BETTER TREE FOUND at iteration 40: -4869.238
Iteration 40 / LogL: -4869.238 / Time: 0h:0m:5s (0h:0m:14s left)
Iteration 50 / LogL: -4871.166 / Time: 0h:0m:6s (0h:0m:11s left)
Iteration 60 / LogL: -4871.068 / Time: 0h:0m:7s (0h:0m:10s left)
Iteration 70 / LogL: -4870.649 / Time: 0h:0m:8s (0h:0m:8s left)
Iteration 80 / LogL: -4870.095 / Time: 0h:0m:9s (0h:0m:7s left)
Iteration 90 / LogL: -4869.885 / Time: 0h:0m:10s (0h:0m:5s left)
Iteration 100 / LogL: -4871.192 / Time: 0h:0m:11s (0h:0m:4s left)
Iteration 110 / LogL: -4870.648 / Time: 0h:0m:12s (0h:0m:3s left)
Iteration 120 / LogL: -4872.475 / Time: 0h:0m:12s (0h:0m:2s left)
Iteration 130 / LogL: -4869.536 / Time: 0h:0m:14s (0h:0m:1s left)
Iteration 140 / LogL: -4870.091 / Time: 0h:0m:15s (0h:0m:0s left)
Refining ufboot trees with NNI 1 branch...
100 samples done
200 samples done
300 samples done
400 samples done
500 samples done
600 samples done
700 samples done
800 samples done
900 samples done
1000 samples done
Total 977 ufboot trees refined
TREE SEARCH COMPLETED AFTER 141 ITERATIONS / Time: 0h:0m:46s

--------------------------------------------------------------------
|                    FINALIZING TREE SEARCH                        |
--------------------------------------------------------------------
Performs final model parameters optimization
Estimate model parameters (epsilon = 0.010)
1. Initial log-likelihood: -4869.238
Optimal log-likelihood: -4869.237
Gamma shape alpha: 2.039
Parameters optimization took 1 rounds (0.015 sec)
BEST SCORE FOUND : -4869.237
Creating bootstrap support values...
Split supports printed to NEXUS file output/ml_tree_best_model.splits.nex
Total tree length: 16.681

Total number of iterations: 141
CPU time used for tree search: 90.229 sec (0h:1m:30s)
Wall-clock time used for tree search: 46.435 sec (0h:0m:46s)
Total CPU time used: 90.505 sec (0h:1m:30s)
Total wall-clock time used: 46.610 sec (0h:0m:46s)
UFBoot trees printed to output/ml_tree_best_model.ufboot

Computing bootstrap consensus tree...
Reading input file output/ml_tree_best_model.splits.nex...
21 taxa and 775 splits.
Consensus tree written to output/ml_tree_best_model.contree
Reading input trees file output/ml_tree_best_model.contree
Log-likelihood of consensus tree: -4872.208

Analysis results written to: 
  IQ-TREE report:                output/ml_tree_best_model.iqtree
  Maximum-likelihood tree:       output/ml_tree_best_model.treefile
  Likelihood distances:          output/ml_tree_best_model.mldist

Ultrafast bootstrap approximation results written to:
  Split support values:          output/ml_tree_best_model.splits.nex
  Consensus tree:                output/ml_tree_best_model.contree
  UFBoot trees:                  output/ml_tree_best_model.ufboot
  Screen log file:               output/ml_tree_best_model.log

Date and Time: Fri Oct  3 21:54:26 2025
