IQ-TREE multicore version 2.4.0 for Linux x86 64-bit built Feb 12 2025
Developed by Bui Quang Minh, Nguyen Lam Tung, Olga Chernomor, Heiko Schmidt,
Dominik Schrempf, Michael Woodhams, Ly Trong Nhan, Thomas Wong

Host:    mr (AVX2, FMA3, 330 GB RAM)
Command: iqtree -s data/faba_fingerprint.phy -m GTR+G -bb 1000 -bnni -nt 2 -pre output/ml_tree_gtr
Seed:    488582 (Using SPRNG - Scalable Parallel Random Number Generator)
Time:    Fri Oct  3 21:54:26 2025
Kernel:  AVX+FMA - 2 threads (88 CPU cores detected)

Reading alignment file data/faba_fingerprint.phy ... Phylip format detected
Alignment most likely contains protein sequences
Alignment has 21 sequences with 150 columns, 150 distinct patterns
130 parsimony-informative, 20 singleton sites, 0 constant sites
         Gap/Ambiguity  Composition  p-value
Analyzing sequences: done in 1.6413e-05 secs using 18.28% CPU
   1  F1_F1      0.00%    passed     90.63%
   2  F2_F2      0.00%    passed     16.70%
   3  F3_F3      0.00%    passed     31.57%
   4  F4_F4      0.00%    failed      0.00%
   5  F5_F5      0.00%    passed     26.43%
   6  F6_F6      0.00%    passed     25.80%
   7  F7_F7      0.00%    failed      2.52%
   8  F8_F8      0.00%    passed      5.96%
   9  F9_F9      0.00%    passed     22.91%
  10  F23_F23    0.00%    failed      0.00%
  11  F22_F22    0.00%    failed      0.00%
  12  F18_F18    0.00%    passed     67.52%
  13  F20_F20    0.00%    passed     37.56%
  14  F12_F12    0.00%    passed     27.77%
  15  F13_F13    0.00%    passed      5.13%
  16  F10_F10    0.00%    passed     33.59%
  17  F11_F11    0.00%    passed     61.68%
  18  F16_F16    0.00%    passed     11.96%
  19  F17_F17    0.00%    passed     76.89%
  20  F14_F14    0.00%    passed     43.65%
  21  F15_F15    0.00%    failed      0.00%
****  TOTAL      0.00%  5 sequences failed composition chi2 test (p-value<5%; df=10)
NOTE: State(s) D, Q, E, H, I, L, F, P, V not present in alignment and thus removed from Markov process to prevent numerical problems
NOTE: 9 states (see above) are not present and thus removed from Markov process to prevent numerical problems

Create initial parsimony tree by phylogenetic likelihood library (PLL)... 0.002 seconds
Generating 1000 samples for ultrafast bootstrap (seed: 488582)...
ERROR: File not found GTR

******************************************************
CHECKPOINT: Resuming analysis from output/ml_tree_gtr.ckp.gz

IQ-TREE multicore version 2.4.0 for Linux x86 64-bit built Feb 12 2025
Developed by Bui Quang Minh, Nguyen Lam Tung, Olga Chernomor, Heiko Schmidt,
Dominik Schrempf, Michael Woodhams, Ly Trong Nhan, Thomas Wong

Host:    mr (AVX2, FMA3, 330 GB RAM)
Command: iqtree -s data/faba_fingerprint.phy -m GTR+G -bb 1000 -bnni -nt 2 -pre output/ml_tree_gtr
Seed:    857584 (Using SPRNG - Scalable Parallel Random Number Generator)
Time:    Fri Oct  3 22:13:42 2025
Kernel:  AVX+FMA - 2 threads (88 CPU cores detected)

Reading alignment file data/faba_fingerprint.phy ... Phylip format detected
Alignment most likely contains protein sequences
Alignment has 21 sequences with 150 columns, 150 distinct patterns
130 parsimony-informative, 20 singleton sites, 0 constant sites
         Gap/Ambiguity  Composition  p-value
Analyzing sequences: done in 1.2974e-05 secs using 92.49% CPU
   1  F1_F1      0.00%    passed     90.63%
   2  F2_F2      0.00%    passed     16.70%
   3  F3_F3      0.00%    passed     31.57%
   4  F4_F4      0.00%    failed      0.00%
   5  F5_F5      0.00%    passed     26.43%
   6  F6_F6      0.00%    passed     25.80%
   7  F7_F7      0.00%    failed      2.52%
   8  F8_F8      0.00%    passed      5.96%
   9  F9_F9      0.00%    passed     22.91%
  10  F23_F23    0.00%    failed      0.00%
  11  F22_F22    0.00%    failed      0.00%
  12  F18_F18    0.00%    passed     67.52%
  13  F20_F20    0.00%    passed     37.56%
  14  F12_F12    0.00%    passed     27.77%
  15  F13_F13    0.00%    passed      5.13%
  16  F10_F10    0.00%    passed     33.59%
  17  F11_F11    0.00%    passed     61.68%
  18  F16_F16    0.00%    passed     11.96%
  19  F17_F17    0.00%    passed     76.89%
  20  F14_F14    0.00%    passed     43.65%
  21  F15_F15    0.00%    failed      0.00%
****  TOTAL      0.00%  5 sequences failed composition chi2 test (p-value<5%; df=10)
NOTE: State(s) D, Q, E, H, I, L, F, P, V not present in alignment and thus removed from Markov process to prevent numerical problems
NOTE: 9 states (see above) are not present and thus removed from Markov process to prevent numerical problems

CHECKPOINT: Initial tree restored
Generating 1000 samples for ultrafast bootstrap (seed: 857584)...
ERROR: File not found GTR

******************************************************
CHECKPOINT: Resuming analysis from output/ml_tree_gtr.ckp.gz

IQ-TREE multicore version 2.4.0 for Linux x86 64-bit built Feb 12 2025
Developed by Bui Quang Minh, Nguyen Lam Tung, Olga Chernomor, Heiko Schmidt,
Dominik Schrempf, Michael Woodhams, Ly Trong Nhan, Thomas Wong

Host:    mr (AVX2, FMA3, 330 GB RAM)
Command: iqtree -s data/faba_fingerprint.phy -m GTR+G -bb 1000 -bnni -nt 2 -pre output/ml_tree_gtr
Seed:    693654 (Using SPRNG - Scalable Parallel Random Number Generator)
Time:    Fri Oct  3 22:13:56 2025
Kernel:  AVX+FMA - 2 threads (88 CPU cores detected)

Reading alignment file data/faba_fingerprint.phy ... Phylip format detected
Alignment most likely contains protein sequences
Alignment has 21 sequences with 150 columns, 150 distinct patterns
130 parsimony-informative, 20 singleton sites, 0 constant sites
         Gap/Ambiguity  Composition  p-value
Analyzing sequences: done in 1.4141e-05 secs using 91.93% CPU
   1  F1_F1      0.00%    passed     90.63%
   2  F2_F2      0.00%    passed     16.70%
   3  F3_F3      0.00%    passed     31.57%
   4  F4_F4      0.00%    failed      0.00%
   5  F5_F5      0.00%    passed     26.43%
   6  F6_F6      0.00%    passed     25.80%
   7  F7_F7      0.00%    failed      2.52%
   8  F8_F8      0.00%    passed      5.96%
   9  F9_F9      0.00%    passed     22.91%
  10  F23_F23    0.00%    failed      0.00%
  11  F22_F22    0.00%    failed      0.00%
  12  F18_F18    0.00%    passed     67.52%
  13  F20_F20    0.00%    passed     37.56%
  14  F12_F12    0.00%    passed     27.77%
  15  F13_F13    0.00%    passed      5.13%
  16  F10_F10    0.00%    passed     33.59%
  17  F11_F11    0.00%    passed     61.68%
  18  F16_F16    0.00%    passed     11.96%
  19  F17_F17    0.00%    passed     76.89%
  20  F14_F14    0.00%    passed     43.65%
  21  F15_F15    0.00%    failed      0.00%
****  TOTAL      0.00%  5 sequences failed composition chi2 test (p-value<5%; df=10)
NOTE: State(s) D, Q, E, H, I, L, F, P, V not present in alignment and thus removed from Markov process to prevent numerical problems
NOTE: 9 states (see above) are not present and thus removed from Markov process to prevent numerical problems

CHECKPOINT: Initial tree restored
Generating 1000 samples for ultrafast bootstrap (seed: 693654)...
ERROR: File not found GTR
