PLINK v1.9.0-b.7.7 64-bit (22 Oct 2024)
Options in effect:
  --allow-extra-chr
  --bfile 02_SNP_Filter/Faba_chrOnly_geno05_maf05
  --extract 03_LD_Prune/Faba_chrOnly_ld.prune.in
  --make-bed
  --out 03_LD_Prune/Faba_chrOnly_pruned
  --threads 55

Hostname: mr
Working directory: /home/emz/Storage/Data/Plant/SEEd/Data/Raw-Data/GBS/Faba-Bean-Vicia-/Analysis/iter-2/Statstics
Start time: Thu Oct  2 19:49:05 2025

Random number seed: 1759434545
338450 MB RAM detected; reserving 169225 MB for main workspace.
33077 variants loaded from .bim file.
21 people (0 males, 0 females, 21 ambiguous) loaded from .fam.
Ambiguous sex IDs written to 03_LD_Prune/Faba_chrOnly_pruned.nosex .
--extract: 17170 variants remaining.
Using 1 thread (no multithreaded calculations invoked).
Before main variant filters, 21 founders and 0 nonfounders present.
Calculating allele frequencies... done.
Total genotyping rate is 0.962179.
17170 variants and 21 people pass filters and QC.
Note: No phenotypes present.
--make-bed to 03_LD_Prune/Faba_chrOnly_pruned.bed +
03_LD_Prune/Faba_chrOnly_pruned.bim + 03_LD_Prune/Faba_chrOnly_pruned.fam ...
done.

End time: Thu Oct  2 19:49:05 2025
