****                   ADMIXTURE Version 1.3.0                  ****
****                    Copyright 2008-2015                     ****
****           David Alexander, Suyash Shringarpure,            ****
****                John  Novembre, Ken Lange                   ****
****                                                            ****
****                 Please cite our paper!                     ****
****   Information at www.genetics.ucla.edu/software/admixture  ****

Cross-validation will be performed.  Folds=5.
Parallel execution requested.  Will use 55 threads.
Random seed: 43
Point estimation method: Block relaxation algorithm
Convergence acceleration algorithm: QuasiNewton, 3 secant conditions
Point estimation will terminate when objective function delta < 0.0001
Estimation of standard errors disabled; will compute point estimates only.
Size of G: 21x17170
Performing five EM steps to prime main algorithm
1 (EM) 	Elapsed: 0.073	Loglikelihood: -271398	(delta): 244164
2 (EM) 	Elapsed: 0.071	Loglikelihood: -253952	(delta): 17445.1
3 (EM) 	Elapsed: 0.075	Loglikelihood: -247942	(delta): 6010.9
4 (EM) 	Elapsed: 0.073	Loglikelihood: -243809	(delta): 4132.68
5 (EM) 	Elapsed: 0.073	Loglikelihood: -240503	(delta): 3306.21
Initial loglikelihood: -240503
Starting main algorithm
1 (QN/Block) 	Elapsed: 0.172	Loglikelihood: -218488	(delta): 22015
2 (QN/Block) 	Elapsed: 0.172	Loglikelihood: -209740	(delta): 8747.71
3 (QN/Block) 	Elapsed: 0.186	Loglikelihood: -203036	(delta): 6703.8
4 (QN/Block) 	Elapsed: 0.184	Loglikelihood: -199593	(delta): 3442.96
5 (QN/Block) 	Elapsed: 0.178	Loglikelihood: -197279	(delta): 2314.18
6 (QN/Block) 	Elapsed: 0.178	Loglikelihood: -196128	(delta): 1150.5
7 (QN/Block) 	Elapsed: 0.181	Loglikelihood: -195961	(delta): 167.005
8 (QN/Block) 	Elapsed: 0.178	Loglikelihood: -195956	(delta): 5.11805
9 (QN/Block) 	Elapsed: 0.181	Loglikelihood: -195955	(delta): 0.919089
10 (QN/Block) 	Elapsed: 0.188	Loglikelihood: -195955	(delta): 0.0213111
11 (QN/Block) 	Elapsed: 0.189	Loglikelihood: -195955	(delta): 8.64675e-08
Summary: 
Converged in 11 iterations (2.38 sec)
Loglikelihood: -195955.425643
Fst divergences between estimated populations: 
	Pop0	Pop1	Pop2	Pop3	Pop4	
Pop0	
Pop1	0.157	
Pop2	0.211	0.211	
Pop3	0.181	0.195	0.250	
Pop4	0.179	0.174	0.241	0.217	
Pop5	0.168	0.139	0.220	0.191	0.188	
CV error (K=6): 1.63901
Writing output files.
