****                   ADMIXTURE Version 1.3.0                  ****
****                    Copyright 2008-2015                     ****
****           David Alexander, Suyash Shringarpure,            ****
****                John  Novembre, Ken Lange                   ****
****                                                            ****
****                 Please cite our paper!                     ****
****   Information at www.genetics.ucla.edu/software/admixture  ****

Cross-validation will be performed.  Folds=5.
Parallel execution requested.  Will use 55 threads.
Random seed: 43
Point estimation method: Block relaxation algorithm
Convergence acceleration algorithm: QuasiNewton, 3 secant conditions
Point estimation will terminate when objective function delta < 0.0001
Estimation of standard errors disabled; will compute point estimates only.
Size of G: 21x17170
Performing five EM steps to prime main algorithm
1 (EM) 	Elapsed: 0.103	Loglikelihood: -269118	(delta): 240166
2 (EM) 	Elapsed: 0.105	Loglikelihood: -250030	(delta): 19087.5
3 (EM) 	Elapsed: 0.11	Loglikelihood: -242717	(delta): 7313.11
4 (EM) 	Elapsed: 0.108	Loglikelihood: -237569	(delta): 5148.41
5 (EM) 	Elapsed: 0.11	Loglikelihood: -233522	(delta): 4046.87
Initial loglikelihood: -233522
Starting main algorithm
1 (QN/Block) 	Elapsed: 0.303	Loglikelihood: -207179	(delta): 26342.4
2 (QN/Block) 	Elapsed: 0.304	Loglikelihood: -195698	(delta): 11481.1
3 (QN/Block) 	Elapsed: 0.324	Loglikelihood: -189603	(delta): 6095.04
4 (QN/Block) 	Elapsed: 0.317	Loglikelihood: -187798	(delta): 1804.8
5 (QN/Block) 	Elapsed: 0.304	Loglikelihood: -186224	(delta): 1574.1
6 (QN/Block) 	Elapsed: 0.304	Loglikelihood: -185228	(delta): 996.345
7 (QN/Block) 	Elapsed: 0.298	Loglikelihood: -184616	(delta): 612.054
8 (QN/Block) 	Elapsed: 0.296	Loglikelihood: -184458	(delta): 157.537
9 (QN/Block) 	Elapsed: 0.294	Loglikelihood: -184350	(delta): 107.945
10 (QN/Block) 	Elapsed: 0.294	Loglikelihood: -184228	(delta): 122.492
11 (QN/Block) 	Elapsed: 0.292	Loglikelihood: -184133	(delta): 94.9632
12 (QN/Block) 	Elapsed: 0.286	Loglikelihood: -184090	(delta): 42.7752
13 (QN/Block) 	Elapsed: 0.285	Loglikelihood: -184090	(delta): 0.15306
14 (QN/Block) 	Elapsed: 0.288	Loglikelihood: -184090	(delta): 1.72586e-08
Summary: 
Converged in 14 iterations (4.756 sec)
Loglikelihood: -184090.109310
Fst divergences between estimated populations: 
	Pop0	Pop1	Pop2	Pop3	Pop4	Pop5	Pop6	
Pop0	
Pop1	0.406	
Pop2	0.230	0.317	
Pop3	0.243	0.333	0.138	
Pop4	0.283	0.374	0.190	0.200	
Pop5	0.250	0.331	0.158	0.176	0.210	
Pop6	0.245	0.328	0.138	0.157	0.203	0.172	
Pop7	0.423	0.509	0.325	0.314	0.361	0.355	0.332	
CV error (K=8): 1.36837
Writing output files.
