****                   ADMIXTURE Version 1.3.0                  ****
****                    Copyright 2008-2015                     ****
****           David Alexander, Suyash Shringarpure,            ****
****                John  Novembre, Ken Lange                   ****
****                                                            ****
****                 Please cite our paper!                     ****
****   Information at www.genetics.ucla.edu/software/admixture  ****

Cross-validation will be performed.  Folds=5.
Parallel execution requested.  Will use 55 threads.
Random seed: 43
Point estimation method: Block relaxation algorithm
Convergence acceleration algorithm: QuasiNewton, 3 secant conditions
Point estimation will terminate when objective function delta < 0.0001
Estimation of standard errors disabled; will compute point estimates only.
Size of G: 21x17170
Performing five EM steps to prime main algorithm
1 (EM) 	Elapsed: 0.07	Loglikelihood: -269911	(delta): 242629
2 (EM) 	Elapsed: 0.07	Loglikelihood: -251466	(delta): 18445.4
3 (EM) 	Elapsed: 0.071	Loglikelihood: -244764	(delta): 6702.12
4 (EM) 	Elapsed: 0.072	Loglikelihood: -240030	(delta): 4733.47
5 (EM) 	Elapsed: 0.07	Loglikelihood: -236222	(delta): 3807.83
Initial loglikelihood: -236222
Starting main algorithm
1 (QN/Block) 	Elapsed: 0.216	Loglikelihood: -207566	(delta): 28656.7
2 (QN/Block) 	Elapsed: 0.216	Loglikelihood: -195871	(delta): 11694.7
3 (QN/Block) 	Elapsed: 0.238	Loglikelihood: -191442	(delta): 4429.43
4 (QN/Block) 	Elapsed: 0.22	Loglikelihood: -189439	(delta): 2002.88
5 (QN/Block) 	Elapsed: 0.221	Loglikelihood: -187796	(delta): 1642.34
6 (QN/Block) 	Elapsed: 0.225	Loglikelihood: -187379	(delta): 417.418
7 (QN/Block) 	Elapsed: 0.221	Loglikelihood: -187357	(delta): 22.1253
8 (QN/Block) 	Elapsed: 0.227	Loglikelihood: -187345	(delta): 11.4298
9 (QN/Block) 	Elapsed: 0.235	Loglikelihood: -187344	(delta): 1.14969
10 (QN/Block) 	Elapsed: 0.237	Loglikelihood: -187344	(delta): 0.430188
11 (QN/Block) 	Elapsed: 0.239	Loglikelihood: -187343	(delta): 0.755725
12 (QN/Block) 	Elapsed: 0.239	Loglikelihood: -187343	(delta): 0.501762
13 (QN/Block) 	Elapsed: 0.234	Loglikelihood: -187343	(delta): 0.00761577
14 (QN/Block) 	Elapsed: 0.235	Loglikelihood: -187343	(delta): 1.13739e-05
Summary: 
Converged in 14 iterations (3.587 sec)
Loglikelihood: -187342.544678
Fst divergences between estimated populations: 
	Pop0	Pop1	Pop2	Pop3	Pop4	Pop5	
Pop0	
Pop1	0.195	
Pop2	0.210	0.166	
Pop3	0.240	0.189	0.203	
Pop4	0.222	0.195	0.197	0.222	
Pop5	0.286	0.225	0.245	0.276	0.270	
Pop6	0.240	0.185	0.200	0.223	0.224	0.258	
CV error (K=7): 1.70065
Writing output files.
