****                   ADMIXTURE Version 1.3.0                  ****
****                    Copyright 2008-2015                     ****
****           David Alexander, Suyash Shringarpure,            ****
****                John  Novembre, Ken Lange                   ****
****                                                            ****
****                 Please cite our paper!                     ****
****   Information at www.genetics.ucla.edu/software/admixture  ****

Cross-validation will be performed.  Folds=5.
Random seed: 43
Point estimation method: Block relaxation algorithm
Convergence acceleration algorithm: QuasiNewton, 3 secant conditions
Point estimation will terminate when objective function delta < 0.0001
Estimation of standard errors disabled; will compute point estimates only.
Size of G: 21x17170
Performing five EM steps to prime main algorithm
1 (EM) 	Elapsed: 0.01	Loglikelihood: -270862	(delta): 322750
2 (EM) 	Elapsed: 0.01	Loglikelihood: -257807	(delta): 13055.5
3 (EM) 	Elapsed: 0.01	Loglikelihood: -254386	(delta): 3420.87
4 (EM) 	Elapsed: 0.01	Loglikelihood: -252630	(delta): 1755.94
5 (EM) 	Elapsed: 0.01	Loglikelihood: -251607	(delta): 1022.42
Initial loglikelihood: -251607
Starting main algorithm
1 (QN/Block) 	Elapsed: 0.05	Loglikelihood: -248226	(delta): 3381.75
2 (QN/Block) 	Elapsed: 0.05	Loglikelihood: -246986	(delta): 1240.01
3 (QN/Block) 	Elapsed: 0.061	Loglikelihood: -246121	(delta): 864.528
4 (QN/Block) 	Elapsed: 0.058	Loglikelihood: -245430	(delta): 691.359
5 (QN/Block) 	Elapsed: 0.06	Loglikelihood: -245196	(delta): 233.618
6 (QN/Block) 	Elapsed: 0.062	Loglikelihood: -245081	(delta): 115.163
7 (QN/Block) 	Elapsed: 0.063	Loglikelihood: -245076	(delta): 5.18352
8 (QN/Block) 	Elapsed: 0.063	Loglikelihood: -245076	(delta): 0.00195157
9 (QN/Block) 	Elapsed: 0.055	Loglikelihood: -245076	(delta): 0.000220038
10 (QN/Block) 	Elapsed: 0.055	Loglikelihood: -245076	(delta): 1.07952e-06
Summary: 
Converged in 10 iterations (0.68 sec)
Loglikelihood: -245075.718701
Fst divergences between estimated populations: 
	Pop0	
Pop0	
Pop1	0.089	
CV error (K=2): 0.88910
Writing output files.
