****                   ADMIXTURE Version 1.3.0                  ****
****                    Copyright 2008-2015                     ****
****           David Alexander, Suyash Shringarpure,            ****
****                John  Novembre, Ken Lange                   ****
****                                                            ****
****                 Please cite our paper!                     ****
****   Information at www.genetics.ucla.edu/software/admixture  ****

Cross-validation will be performed.  Folds=5.
Parallel execution requested.  Will use 55 threads.
Random seed: 43
Point estimation method: Block relaxation algorithm
Convergence acceleration algorithm: QuasiNewton, 3 secant conditions
Point estimation will terminate when objective function delta < 0.0001
Estimation of standard errors disabled; will compute point estimates only.
Size of G: 21x17170
Performing five EM steps to prime main algorithm
1 (EM) 	Elapsed: 0.061	Loglikelihood: -272151	(delta): 261678
2 (EM) 	Elapsed: 0.061	Loglikelihood: -255679	(delta): 16471.6
3 (EM) 	Elapsed: 0.061	Loglikelihood: -250279	(delta): 5400.86
4 (EM) 	Elapsed: 0.062	Loglikelihood: -246945	(delta): 3334.01
5 (EM) 	Elapsed: 0.061	Loglikelihood: -244536	(delta): 2408.09
Initial loglikelihood: -244536
Starting main algorithm
1 (QN/Block) 	Elapsed: 0.248	Loglikelihood: -230799	(delta): 13737.3
2 (QN/Block) 	Elapsed: 0.251	Loglikelihood: -225170	(delta): 5629.22
3 (QN/Block) 	Elapsed: 0.263	Loglikelihood: -221934	(delta): 3235.9
4 (QN/Block) 	Elapsed: 0.247	Loglikelihood: -219780	(delta): 2153.88
5 (QN/Block) 	Elapsed: 0.242	Loglikelihood: -218691	(delta): 1088.7
6 (QN/Block) 	Elapsed: 0.245	Loglikelihood: -218250	(delta): 441.101
7 (QN/Block) 	Elapsed: 0.241	Loglikelihood: -218042	(delta): 207.939
8 (QN/Block) 	Elapsed: 0.235	Loglikelihood: -217852	(delta): 189.922
9 (QN/Block) 	Elapsed: 0.234	Loglikelihood: -217821	(delta): 31.7164
10 (QN/Block) 	Elapsed: 0.236	Loglikelihood: -217801	(delta): 19.4875
11 (QN/Block) 	Elapsed: 0.238	Loglikelihood: -217763	(delta): 38.3989
12 (QN/Block) 	Elapsed: 0.242	Loglikelihood: -217753	(delta): 9.65631
13 (QN/Block) 	Elapsed: 0.241	Loglikelihood: -217753	(delta): 0.259982
14 (QN/Block) 	Elapsed: 0.239	Loglikelihood: -217753	(delta): 0.0101838
15 (QN/Block) 	Elapsed: 0.24	Loglikelihood: -217753	(delta): 0.000966199
16 (QN/Block) 	Elapsed: 0.242	Loglikelihood: -217753	(delta): 0.000104803
17 (QN/Block) 	Elapsed: 0.242	Loglikelihood: -217753	(delta): 9.28674e-07
Summary: 
Converged in 17 iterations (4.455 sec)
Loglikelihood: -217752.956923
Fst divergences between estimated populations: 
	Pop0	Pop1	Pop2	
Pop0	
Pop1	0.145	
Pop2	0.179	0.141	
Pop3	0.213	0.161	0.190	
CV error (K=4): 1.28890
Writing output files.
