****                   ADMIXTURE Version 1.3.0                  ****
****                    Copyright 2008-2015                     ****
****           David Alexander, Suyash Shringarpure,            ****
****                John  Novembre, Ken Lange                   ****
****                                                            ****
****                 Please cite our paper!                     ****
****   Information at www.genetics.ucla.edu/software/admixture  ****

Cross-validation will be performed.  Folds=5.
Parallel execution requested.  Will use 55 threads.
Random seed: 43
Point estimation method: Block relaxation algorithm
Convergence acceleration algorithm: QuasiNewton, 3 secant conditions
Point estimation will terminate when objective function delta < 0.0001
Estimation of standard errors disabled; will compute point estimates only.
Size of G: 21x17170
Performing five EM steps to prime main algorithm
1 (EM) 	Elapsed: 0.054	Loglikelihood: -272438	(delta): 281256
2 (EM) 	Elapsed: 0.046	Loglikelihood: -257291	(delta): 15147.1
3 (EM) 	Elapsed: 0.043	Loglikelihood: -252679	(delta): 4611.92
4 (EM) 	Elapsed: 0.042	Loglikelihood: -250002	(delta): 2676.65
5 (EM) 	Elapsed: 0.042	Loglikelihood: -248165	(delta): 1837.56
Initial loglikelihood: -248165
Starting main algorithm
1 (QN/Block) 	Elapsed: 0.131	Loglikelihood: -239538	(delta): 8627.31
2 (QN/Block) 	Elapsed: 0.136	Loglikelihood: -234827	(delta): 4710.38
3 (QN/Block) 	Elapsed: 0.145	Loglikelihood: -232030	(delta): 2796.76
4 (QN/Block) 	Elapsed: 0.139	Loglikelihood: -230443	(delta): 1587.36
5 (QN/Block) 	Elapsed: 0.139	Loglikelihood: -229693	(delta): 749.657
6 (QN/Block) 	Elapsed: 0.139	Loglikelihood: -229407	(delta): 286.643
7 (QN/Block) 	Elapsed: 0.139	Loglikelihood: -229261	(delta): 145.456
8 (QN/Block) 	Elapsed: 0.135	Loglikelihood: -229227	(delta): 34.086
9 (QN/Block) 	Elapsed: 0.135	Loglikelihood: -229206	(delta): 21.3342
10 (QN/Block) 	Elapsed: 0.135	Loglikelihood: -229196	(delta): 10.2496
11 (QN/Block) 	Elapsed: 0.134	Loglikelihood: -229189	(delta): 6.99721
12 (QN/Block) 	Elapsed: 0.133	Loglikelihood: -229178	(delta): 10.7963
13 (QN/Block) 	Elapsed: 0.137	Loglikelihood: -229166	(delta): 12.209
14 (QN/Block) 	Elapsed: 0.142	Loglikelihood: -229140	(delta): 25.9265
15 (QN/Block) 	Elapsed: 0.142	Loglikelihood: -229123	(delta): 16.2333
16 (QN/Block) 	Elapsed: 0.141	Loglikelihood: -229116	(delta): 7.85406
17 (QN/Block) 	Elapsed: 0.141	Loglikelihood: -229087	(delta): 28.8314
18 (QN/Block) 	Elapsed: 0.143	Loglikelihood: -229007	(delta): 79.2674
19 (QN/Block) 	Elapsed: 0.142	Loglikelihood: -228978	(delta): 29.5552
20 (QN/Block) 	Elapsed: 0.143	Loglikelihood: -228978	(delta): 0.150076
21 (QN/Block) 	Elapsed: 0.14	Loglikelihood: -228978	(delta): 0.0337339
22 (QN/Block) 	Elapsed: 0.142	Loglikelihood: -228978	(delta): 0.00100459
23 (QN/Block) 	Elapsed: 0.143	Loglikelihood: -228978	(delta): 6.68198e-06
Summary: 
Converged in 23 iterations (3.447 sec)
Loglikelihood: -228977.748889
Fst divergences between estimated populations: 
	Pop0	Pop1	
Pop0	
Pop1	0.121	
Pop2	0.126	0.129	
CV error (K=3): 1.07480
Writing output files.
