****                   ADMIXTURE Version 1.3.0                  ****
****                    Copyright 2008-2015                     ****
****           David Alexander, Suyash Shringarpure,            ****
****                John  Novembre, Ken Lange                   ****
****                                                            ****
****                 Please cite our paper!                     ****
****   Information at www.genetics.ucla.edu/software/admixture  ****

Cross-validation will be performed.  Folds=5.
Parallel execution requested.  Will use 55 threads.
Random seed: 43
Point estimation method: Block relaxation algorithm
Convergence acceleration algorithm: QuasiNewton, 3 secant conditions
Point estimation will terminate when objective function delta < 0.0001
Estimation of standard errors disabled; will compute point estimates only.
Size of G: 21x17170
Performing five EM steps to prime main algorithm
1 (EM) 	Elapsed: 0.055	Loglikelihood: -271547	(delta): 251488
2 (EM) 	Elapsed: 0.052	Loglikelihood: -254291	(delta): 17256.7
3 (EM) 	Elapsed: 0.052	Loglikelihood: -248232	(delta): 6058.59
4 (EM) 	Elapsed: 0.052	Loglikelihood: -244198	(delta): 4033.81
5 (EM) 	Elapsed: 0.052	Loglikelihood: -241118	(delta): 3079.89
Initial loglikelihood: -241118
Starting main algorithm
1 (QN/Block) 	Elapsed: 0.196	Loglikelihood: -222233	(delta): 18885.9
2 (QN/Block) 	Elapsed: 0.195	Loglikelihood: -214542	(delta): 7690.36
3 (QN/Block) 	Elapsed: 0.211	Loglikelihood: -211231	(delta): 3310.89
4 (QN/Block) 	Elapsed: 0.213	Loglikelihood: -208493	(delta): 2738.75
5 (QN/Block) 	Elapsed: 0.209	Loglikelihood: -207879	(delta): 613.718
6 (QN/Block) 	Elapsed: 0.207	Loglikelihood: -207704	(delta): 174.988
7 (QN/Block) 	Elapsed: 0.208	Loglikelihood: -207564	(delta): 139.432
8 (QN/Block) 	Elapsed: 0.207	Loglikelihood: -207317	(delta): 247.158
9 (QN/Block) 	Elapsed: 0.208	Loglikelihood: -207072	(delta): 245.682
10 (QN/Block) 	Elapsed: 0.209	Loglikelihood: -207013	(delta): 58.9304
11 (QN/Block) 	Elapsed: 0.208	Loglikelihood: -207003	(delta): 10.0337
12 (QN/Block) 	Elapsed: 0.21	Loglikelihood: -206976	(delta): 27.0791
13 (QN/Block) 	Elapsed: 0.207	Loglikelihood: -206960	(delta): 15.9223
14 (QN/Block) 	Elapsed: 0.209	Loglikelihood: -206955	(delta): 4.44684
15 (QN/Block) 	Elapsed: 0.21	Loglikelihood: -206954	(delta): 1.33166
16 (QN/Block) 	Elapsed: 0.209	Loglikelihood: -206952	(delta): 1.79593
17 (QN/Block) 	Elapsed: 0.21	Loglikelihood: -206950	(delta): 2.47653
18 (QN/Block) 	Elapsed: 0.209	Loglikelihood: -206946	(delta): 3.744
19 (QN/Block) 	Elapsed: 0.21	Loglikelihood: -206940	(delta): 6.05795
20 (QN/Block) 	Elapsed: 0.211	Loglikelihood: -206923	(delta): 16.834
21 (QN/Block) 	Elapsed: 0.209	Loglikelihood: -206856	(delta): 67.2286
22 (QN/Block) 	Elapsed: 0.21	Loglikelihood: -206750	(delta): 105.511
23 (QN/Block) 	Elapsed: 0.21	Loglikelihood: -206747	(delta): 2.94777
24 (QN/Block) 	Elapsed: 0.208	Loglikelihood: -206747	(delta): 0.0153538
25 (QN/Block) 	Elapsed: 0.206	Loglikelihood: -206747	(delta): 0.00453397
26 (QN/Block) 	Elapsed: 0.207	Loglikelihood: -206747	(delta): 7.50244e-06
Summary: 
Converged in 26 iterations (5.703 sec)
Loglikelihood: -206747.204004
Fst divergences between estimated populations: 
	Pop0	Pop1	Pop2	Pop3	
Pop0	
Pop1	0.142	
Pop2	0.143	0.142	
Pop3	0.320	0.300	0.314	
Pop4	0.139	0.123	0.131	0.293	
CV error (K=5): 1.30272
Writing output files.
