PLINK v1.9.0-b.7.7 64-bit (22 Oct 2024)
Options in effect:
  --allow-extra-chr
  --bfile 03_LD_Prune/Faba_chrOnly_pruned
  --distance square ibs
  --out Diversity/IBS/Faba_IBS
  --threads 55

Hostname: mr
Working directory: /home/emz/Storage/Data/Plant/SEEd/Data/Raw-Data/GBS/Faba-Bean-Vicia-/Analysis/iter-2/Statstics
Start time: Thu Oct  2 21:47:45 2025

Random number seed: 1759441665
338450 MB RAM detected; reserving 169225 MB for main workspace.
17170 variants loaded from .bim file.
21 people (0 males, 0 females, 21 ambiguous) loaded from .fam.
Ambiguous sex IDs written to Diversity/IBS/Faba_IBS.nosex .
Using up to 55 threads (change this with --threads).
Before main variant filters, 21 founders and 0 nonfounders present.
Calculating allele frequencies... done.
Total genotyping rate is 0.962179.
17170 variants and 21 people pass filters and QC.
Note: No phenotypes present.
Distance matrix calculation complete.
IDs written to Diversity/IBS/Faba_IBS.mibs.id .
IBS matrix written to Diversity/IBS/Faba_IBS.mibs .

End time: Thu Oct  2 21:47:45 2025
