PLINK v2.0.0-a.6.9LM 64-bit Intel (29 Jan 2025)
Options in effect:
  --bfile 03_LD_Prune/Faba_chrOnly_pruned
  --make-king triangle
  --out Diversity/Kinship/Faba_Kinship
  --threads 55

Hostname: mr
Working directory: /home/emz/Storage/Data/Plant/SEEd/Data/Raw-Data/GBS/Faba-Bean-Vicia-/Analysis/iter-2/Statstics
Start time: Thu Oct  2 22:06:07 2025

Random number seed: 1759442767
338450 MiB RAM detected, ~329039 available; reserving 169225 MiB for main
workspace.
Using up to 55 threads (change this with --threads).
21 samples (0 females, 0 males, 21 ambiguous; 21 founders) loaded from
03_LD_Prune/Faba_chrOnly_pruned.fam.
Note: 155 nonstandard chromosome codes present.
17170 variants loaded from 03_LD_Prune/Faba_chrOnly_pruned.bim.
Note: No phenotype data present.
--make-king pass 1/1: Scanning for rare variants... done.
0 variants handled by initial scan (17170 remaining).
--make-king: 17170 variants processed.
Results written to Diversity/Kinship/Faba_Kinship.king and
Diversity/Kinship/Faba_Kinship.king.id .

End time: Thu Oct  2 22:06:07 2025
