PLINK v1.9.0-b.7.7 64-bit (22 Oct 2024)
Options in effect:
  --allow-extra-chr
  --bfile data/Faba_high_quality
  --freq
  --out data/Faba_high_quality

Hostname: mr
Working directory: /home/emz/Storage/Data/Plant/SEEd/Data/Raw-Data/GBS/Faba-Bean-Vicia-/Analysis/iter-3/Fingerprint
Start time: Fri Oct  3 00:01:47 2025

Random number seed: 1759449707
338450 MB RAM detected; reserving 169225 MB for main workspace.
1703 variants loaded from .bim file.
21 people (0 males, 0 females, 21 ambiguous) loaded from .fam.
Ambiguous sex IDs written to data/Faba_high_quality.nosex .
Using 1 thread (no multithreaded calculations invoked).
Before main variant filters, 21 founders and 0 nonfounders present.
Calculating allele frequencies... done.
Total genotyping rate is 0.961217.
--freq: Allele frequencies (founders only) written to
data/Faba_high_quality.frq .

End time: Fri Oct  3 00:01:47 2025
